2023-06-21 00:20:26,372 INFO [http-nio-8090-exec-4] o.a.c.h.Http11Processor [DirectJDKLog.java:175] Error parsing HTTP request header
 Note: further occurrences of HTTP request parsing errors will be logged at DEBUG level.
java.lang.IllegalArgumentException: Invalid character found in the request target [/pc-shop/items/all-items?${queryParams} ]. The valid characters are defined in RFC 7230 and RFC 3986
	at org.apache.coyote.http11.Http11InputBuffer.parseRequestLine(Http11InputBuffer.java:482)
	at org.apache.coyote.http11.Http11Processor.service(Http11Processor.java:263)
	at org.apache.coyote.AbstractProcessorLight.process(AbstractProcessorLight.java:63)
	at org.apache.coyote.AbstractProtocol$ConnectionHandler.process(AbstractProtocol.java:894)
	at org.apache.tomcat.util.net.NioEndpoint$SocketProcessor.doRun(NioEndpoint.java:1741)
	at org.apache.tomcat.util.net.SocketProcessorBase.run(SocketProcessorBase.java:52)
	at org.apache.tomcat.util.threads.ThreadPoolExecutor.runWorker(ThreadPoolExecutor.java:1191)
	at org.apache.tomcat.util.threads.ThreadPoolExecutor$Worker.run(ThreadPoolExecutor.java:659)
	at org.apache.tomcat.util.threads.TaskThread$WrappingRunnable.run(TaskThread.java:61)
	at java.base/java.lang.Thread.run(Thread.java:833)
2023-06-21 00:20:26,372 INFO [http-nio-8090-exec-5] o.a.c.h.Http11Processor [DirectJDKLog.java:175] Error parsing HTTP request header
 Note: further occurrences of HTTP request parsing errors will be logged at DEBUG level.
java.lang.IllegalArgumentException: Invalid character found in the request target [/pc-shop/items/all-items?${queryParams} ]. The valid characters are defined in RFC 7230 and RFC 3986
	at org.apache.coyote.http11.Http11InputBuffer.parseRequestLine(Http11InputBuffer.java:482)
	at org.apache.coyote.http11.Http11Processor.service(Http11Processor.java:263)
	at org.apache.coyote.AbstractProcessorLight.process(AbstractProcessorLight.java:63)
	at org.apache.coyote.AbstractProtocol$ConnectionHandler.process(AbstractProtocol.java:894)
	at org.apache.tomcat.util.net.NioEndpoint$SocketProcessor.doRun(NioEndpoint.java:1741)
	at org.apache.tomcat.util.net.SocketProcessorBase.run(SocketProcessorBase.java:52)
	at org.apache.tomcat.util.threads.ThreadPoolExecutor.runWorker(ThreadPoolExecutor.java:1191)
	at org.apache.tomcat.util.threads.ThreadPoolExecutor$Worker.run(ThreadPoolExecutor.java:659)
	at org.apache.tomcat.util.threads.TaskThread$WrappingRunnable.run(TaskThread.java:61)
	at java.base/java.lang.Thread.run(Thread.java:833)
2023-06-21 00:39:20,809 INFO [SpringApplicationShutdownHook] o.s.o.j.LocalContainerEntityManagerFactoryBean [AbstractEntityManagerFactoryBean.java:650] Closing JPA EntityManagerFactory for persistence unit 'default'
2023-06-21 00:39:20,814 INFO [SpringApplicationShutdownHook] c.z.h.HikariDataSource [HikariDataSource.java:350] HikariPool-1 - Shutdown initiated...
2023-06-21 00:39:20,816 INFO [SpringApplicationShutdownHook] c.z.h.HikariDataSource [HikariDataSource.java:352] HikariPool-1 - Shutdown completed.
2023-06-21 00:39:24,087 INFO [background-preinit] o.h.v.i.u.Version [Version.java:21] HV000001: Hibernate Validator 8.0.0.Final
2023-06-21 00:39:24,111 INFO [restartedMain] e.p.PcShopApplication [StartupInfoLogger.java:51] Starting PcShopApplication using Java 17.0.7 with PID 44750 (/Users/dantatar/ditar/dev/SynologyDrive/AAN/school 2023/PROJINT/Projets/pc-shop/target/classes started by dantatar in /Users/dantatar/ditar/dev/SynologyDrive/AAN/school 2023/PROJINT/Projets/pc-shop)
2023-06-21 00:39:24,111 INFO [restartedMain] e.p.PcShopApplication [SpringApplication.java:639] The following 1 profile is active: "dev"
2023-06-21 00:39:24,136 INFO [restartedMain] o.s.b.d.e.DevToolsPropertyDefaultsPostProcessor [DeferredLog.java:250] Devtools property defaults active! Set 'spring.devtools.add-properties' to 'false' to disable
2023-06-21 00:39:24,137 INFO [restartedMain] o.s.b.d.e.DevToolsPropertyDefaultsPostProcessor [DeferredLog.java:250] For additional web related logging consider setting the 'logging.level.web' property to 'DEBUG'
2023-06-21 00:39:24,582 INFO [restartedMain] o.s.d.r.c.RepositoryConfigurationDelegate [RepositoryConfigurationDelegate.java:138] Bootstrapping Spring Data JPA repositories in DEFAULT mode.
2023-06-21 00:39:24,638 INFO [restartedMain] o.s.d.r.c.RepositoryConfigurationDelegate [RepositoryConfigurationDelegate.java:208] Finished Spring Data repository scanning in 50 ms. Found 5 JPA repository interfaces.
2023-06-21 00:39:25,054 INFO [restartedMain] o.s.b.w.e.t.TomcatWebServer [TomcatWebServer.java:108] Tomcat initialized with port(s): 8090 (http)
2023-06-21 00:39:25,060 INFO [restartedMain] o.a.c.h.Http11NioProtocol [DirectJDKLog.java:173] Initializing ProtocolHandler ["http-nio-8090"]
2023-06-21 00:39:25,061 INFO [restartedMain] o.a.c.c.StandardService [DirectJDKLog.java:173] Starting service [Tomcat]
2023-06-21 00:39:25,061 INFO [restartedMain] o.a.c.c.StandardEngine [DirectJDKLog.java:173] Starting Servlet engine: [Apache Tomcat/10.1.8]
2023-06-21 00:39:25,099 INFO [restartedMain] o.a.c.c.C.[.[.[/pc-shop] [DirectJDKLog.java:173] Initializing Spring embedded WebApplicationContext
2023-06-21 00:39:25,100 INFO [restartedMain] o.s.b.w.s.c.ServletWebServerApplicationContext [ServletWebServerApplicationContext.java:291] Root WebApplicationContext: initialization completed in 963 ms
2023-06-21 00:39:25,121 INFO [restartedMain] c.z.h.HikariDataSource [HikariDataSource.java:110] HikariPool-1 - Starting...
2023-06-21 00:39:25,354 INFO [restartedMain] c.z.h.p.HikariPool [HikariPool.java:565] HikariPool-1 - Added connection conn1: url=jdbc:h2:./data/pcshop user=PCSHOP
2023-06-21 00:39:25,356 INFO [restartedMain] c.z.h.HikariDataSource [HikariDataSource.java:123] HikariPool-1 - Start completed.
2023-06-21 00:39:25,363 INFO [restartedMain] o.s.b.a.h.H2ConsoleAutoConfiguration [H2ConsoleAutoConfiguration.java:88] H2 console available at '/h2-console'. Database available at 'jdbc:h2:./data/pcshop'
2023-06-21 00:39:25,452 INFO [restartedMain] o.f.c.i.l.VersionPrinter [Slf4jLog.java:37] Flyway Community Edition 9.16.3 by Redgate
2023-06-21 00:39:25,452 INFO [restartedMain] o.f.c.i.l.VersionPrinter [Slf4jLog.java:37] See release notes here: https://rd.gt/416ObMi
2023-06-21 00:39:25,453 INFO [restartedMain] o.f.c.i.l.VersionPrinter [Slf4jLog.java:37] 
2023-06-21 00:39:25,464 INFO [restartedMain] o.f.c.i.d.b.BaseDatabaseType [Slf4jLog.java:37] Database: jdbc:h2:./data/pcshop (H2 2.1)
2023-06-21 00:39:25,511 INFO [restartedMain] o.f.c.i.c.DbValidate [Slf4jLog.java:37] Successfully validated 8 migrations (execution time 00:00.019s)
2023-06-21 00:39:25,515 INFO [restartedMain] o.f.c.i.c.DbMigrate [Slf4jLog.java:37] Current version of schema "PUBLIC": 1.0.7
2023-06-21 00:39:25,516 INFO [restartedMain] o.f.c.i.c.DbMigrate [Slf4jLog.java:37] Schema "PUBLIC" is up to date. No migration necessary.
2023-06-21 00:39:25,561 INFO [restartedMain] o.h.j.i.u.LogHelper [LogHelper.java:31] HHH000204: Processing PersistenceUnitInfo [name: default]
2023-06-21 00:39:25,600 INFO [restartedMain] o.h.Version [Version.java:44] HHH000412: Hibernate ORM core version 6.2.2.Final
2023-06-21 00:39:25,602 INFO [restartedMain] o.h.c.Environment [Environment.java:191] HHH000406: Using bytecode reflection optimizer
2023-06-21 00:39:25,689 INFO [restartedMain] o.h.b.i.BytecodeProviderInitiator [BytecodeProviderInitiator.java:53] HHH000021: Bytecode provider name : bytebuddy
2023-06-21 00:39:25,776 INFO [restartedMain] o.s.o.j.p.SpringPersistenceUnitInfo [SpringPersistenceUnitInfo.java:87] No LoadTimeWeaver setup: ignoring JPA class transformer
2023-06-21 00:39:25,798 INFO [restartedMain] o.h.o.dialect [DialectFactoryImpl.java:93] HHH035001: Using dialect: org.hibernate.dialect.H2Dialect, version: 2.1.214
2023-06-21 00:39:25,961 INFO [restartedMain] o.h.b.i.BytecodeProviderInitiator [BytecodeProviderInitiator.java:53] HHH000021: Bytecode provider name : bytebuddy
2023-06-21 00:39:26,480 INFO [restartedMain] o.h.e.t.j.p.i.JtaPlatformInitiator [JtaPlatformInitiator.java:51] HHH000490: Using JtaPlatform implementation: [org.hibernate.engine.transaction.jta.platform.internal.NoJtaPlatform]
2023-06-21 00:39:26,495 INFO [restartedMain] o.s.o.j.LocalContainerEntityManagerFactoryBean [AbstractEntityManagerFactoryBean.java:437] Initialized JPA EntityManagerFactory for persistence unit 'default'
2023-06-21 00:39:26,683 WARN [restartedMain] o.s.b.a.o.j.JpaBaseConfiguration$JpaWebConfiguration [JpaBaseConfiguration.java:231] spring.jpa.open-in-view is enabled by default. Therefore, database queries may be performed during view rendering. Explicitly configure spring.jpa.open-in-view to disable this warning
2023-06-21 00:39:26,948 INFO [restartedMain] o.s.b.d.a.OptionalLiveReloadServer [OptionalLiveReloadServer.java:59] LiveReload server is running on port 35729
2023-06-21 00:39:26,962 INFO [restartedMain] o.a.c.h.Http11NioProtocol [DirectJDKLog.java:173] Starting ProtocolHandler ["http-nio-8090"]
2023-06-21 00:39:26,971 INFO [restartedMain] o.s.b.w.e.t.TomcatWebServer [TomcatWebServer.java:220] Tomcat started on port(s): 8090 (http) with context path '/pc-shop'
2023-06-21 00:39:26,979 INFO [restartedMain] e.p.PcShopApplication [StartupInfoLogger.java:57] Started PcShopApplication in 3.088 seconds (process running for 3.816)
2023-06-21 00:46:09,926 INFO [SpringApplicationShutdownHook] o.s.o.j.LocalContainerEntityManagerFactoryBean [AbstractEntityManagerFactoryBean.java:650] Closing JPA EntityManagerFactory for persistence unit 'default'
2023-06-21 00:46:09,929 INFO [SpringApplicationShutdownHook] c.z.h.HikariDataSource [HikariDataSource.java:350] HikariPool-1 - Shutdown initiated...
2023-06-21 00:46:09,931 INFO [SpringApplicationShutdownHook] c.z.h.HikariDataSource [HikariDataSource.java:352] HikariPool-1 - Shutdown completed.
2023-06-21 00:47:51,549 INFO [background-preinit] o.h.v.i.u.Version [Version.java:21] HV000001: Hibernate Validator 8.0.0.Final
2023-06-21 00:47:51,668 INFO [restartedMain] e.p.PcShopApplication [StartupInfoLogger.java:51] Starting PcShopApplication using Java 17.0.7 with PID 45201 (/Users/dantatar/ditar/dev/SynologyDrive/AAN/school 2023/PROJINT/Projets/pc-shop/target/classes started by dantatar in /Users/dantatar/ditar/dev/SynologyDrive/AAN/school 2023/PROJINT/Projets/pc-shop)
2023-06-21 00:47:51,669 INFO [restartedMain] e.p.PcShopApplication [SpringApplication.java:639] The following 1 profile is active: "dev"
2023-06-21 00:47:51,743 INFO [restartedMain] o.s.b.d.e.DevToolsPropertyDefaultsPostProcessor [DeferredLog.java:250] Devtools property defaults active! Set 'spring.devtools.add-properties' to 'false' to disable
2023-06-21 00:47:51,745 INFO [restartedMain] o.s.b.d.e.DevToolsPropertyDefaultsPostProcessor [DeferredLog.java:250] For additional web related logging consider setting the 'logging.level.web' property to 'DEBUG'
2023-06-21 00:47:52,349 INFO [restartedMain] o.s.d.r.c.RepositoryConfigurationDelegate [RepositoryConfigurationDelegate.java:138] Bootstrapping Spring Data JPA repositories in DEFAULT mode.
2023-06-21 00:47:52,418 INFO [restartedMain] o.s.d.r.c.RepositoryConfigurationDelegate [RepositoryConfigurationDelegate.java:208] Finished Spring Data repository scanning in 60 ms. Found 5 JPA repository interfaces.
2023-06-21 00:47:52,897 INFO [restartedMain] o.s.b.w.e.t.TomcatWebServer [TomcatWebServer.java:108] Tomcat initialized with port(s): 8090 (http)
2023-06-21 00:47:52,903 INFO [restartedMain] o.a.c.h.Http11NioProtocol [DirectJDKLog.java:173] Initializing ProtocolHandler ["http-nio-8090"]
2023-06-21 00:47:52,904 INFO [restartedMain] o.a.c.c.StandardService [DirectJDKLog.java:173] Starting service [Tomcat]
2023-06-21 00:47:52,905 INFO [restartedMain] o.a.c.c.StandardEngine [DirectJDKLog.java:173] Starting Servlet engine: [Apache Tomcat/10.1.8]
2023-06-21 00:47:52,942 INFO [restartedMain] o.a.c.c.C.[.[.[/pc-shop] [DirectJDKLog.java:173] Initializing Spring embedded WebApplicationContext
2023-06-21 00:47:52,942 INFO [restartedMain] o.s.b.w.s.c.ServletWebServerApplicationContext [ServletWebServerApplicationContext.java:291] Root WebApplicationContext: initialization completed in 1196 ms
2023-06-21 00:47:52,960 INFO [restartedMain] c.z.h.HikariDataSource [HikariDataSource.java:110] HikariPool-1 - Starting...
2023-06-21 00:47:55,187 INFO [restartedMain] c.z.h.p.HikariPool [HikariPool.java:565] HikariPool-1 - Added connection conn1: url=jdbc:h2:./data/pcshop user=PCSHOP
2023-06-21 00:47:55,188 INFO [restartedMain] c.z.h.HikariDataSource [HikariDataSource.java:123] HikariPool-1 - Start completed.
2023-06-21 00:47:55,196 INFO [restartedMain] o.s.b.a.h.H2ConsoleAutoConfiguration [H2ConsoleAutoConfiguration.java:88] H2 console available at '/h2-console'. Database available at 'jdbc:h2:./data/pcshop'
2023-06-21 00:47:55,280 INFO [restartedMain] o.f.c.i.l.VersionPrinter [Slf4jLog.java:37] Flyway Community Edition 9.16.3 by Redgate
2023-06-21 00:47:55,281 INFO [restartedMain] o.f.c.i.l.VersionPrinter [Slf4jLog.java:37] See release notes here: https://rd.gt/416ObMi
2023-06-21 00:47:55,281 INFO [restartedMain] o.f.c.i.l.VersionPrinter [Slf4jLog.java:37] 
2023-06-21 00:47:55,291 INFO [restartedMain] o.f.c.i.d.b.BaseDatabaseType [Slf4jLog.java:37] Database: jdbc:h2:./data/pcshop (H2 2.1)
2023-06-21 00:47:55,332 INFO [restartedMain] o.f.c.i.c.DbValidate [Slf4jLog.java:37] Successfully validated 8 migrations (execution time 00:00.016s)
2023-06-21 00:47:55,337 INFO [restartedMain] o.f.c.i.c.DbMigrate [Slf4jLog.java:37] Current version of schema "PUBLIC": 1.0.7
2023-06-21 00:47:55,337 INFO [restartedMain] o.f.c.i.c.DbMigrate [Slf4jLog.java:37] Schema "PUBLIC" is up to date. No migration necessary.
2023-06-21 00:47:55,380 INFO [restartedMain] o.h.j.i.u.LogHelper [LogHelper.java:31] HHH000204: Processing PersistenceUnitInfo [name: default]
2023-06-21 00:47:55,416 INFO [restartedMain] o.h.Version [Version.java:44] HHH000412: Hibernate ORM core version 6.2.2.Final
2023-06-21 00:47:55,418 INFO [restartedMain] o.h.c.Environment [Environment.java:191] HHH000406: Using bytecode reflection optimizer
2023-06-21 00:47:55,539 INFO [restartedMain] o.h.b.i.BytecodeProviderInitiator [BytecodeProviderInitiator.java:53] HHH000021: Bytecode provider name : bytebuddy
2023-06-21 00:47:55,650 INFO [restartedMain] o.s.o.j.p.SpringPersistenceUnitInfo [SpringPersistenceUnitInfo.java:87] No LoadTimeWeaver setup: ignoring JPA class transformer
2023-06-21 00:47:55,681 INFO [restartedMain] o.h.o.dialect [DialectFactoryImpl.java:93] HHH035001: Using dialect: org.hibernate.dialect.H2Dialect, version: 2.1.214
2023-06-21 00:47:55,904 INFO [restartedMain] o.h.b.i.BytecodeProviderInitiator [BytecodeProviderInitiator.java:53] HHH000021: Bytecode provider name : bytebuddy
2023-06-21 00:47:56,495 INFO [restartedMain] o.h.e.t.j.p.i.JtaPlatformInitiator [JtaPlatformInitiator.java:51] HHH000490: Using JtaPlatform implementation: [org.hibernate.engine.transaction.jta.platform.internal.NoJtaPlatform]
2023-06-21 00:47:56,510 INFO [restartedMain] o.s.o.j.LocalContainerEntityManagerFactoryBean [AbstractEntityManagerFactoryBean.java:437] Initialized JPA EntityManagerFactory for persistence unit 'default'
2023-06-21 00:47:56,713 WARN [restartedMain] o.s.b.a.o.j.JpaBaseConfiguration$JpaWebConfiguration [JpaBaseConfiguration.java:231] spring.jpa.open-in-view is enabled by default. Therefore, database queries may be performed during view rendering. Explicitly configure spring.jpa.open-in-view to disable this warning
2023-06-21 00:47:57,045 INFO [restartedMain] o.s.b.d.a.OptionalLiveReloadServer [OptionalLiveReloadServer.java:59] LiveReload server is running on port 35729
2023-06-21 00:47:57,061 INFO [restartedMain] o.a.c.h.Http11NioProtocol [DirectJDKLog.java:173] Starting ProtocolHandler ["http-nio-8090"]
2023-06-21 00:47:57,073 INFO [restartedMain] o.s.b.w.e.t.TomcatWebServer [TomcatWebServer.java:220] Tomcat started on port(s): 8090 (http) with context path '/pc-shop'
2023-06-21 00:47:57,081 INFO [restartedMain] e.p.PcShopApplication [StartupInfoLogger.java:57] Started PcShopApplication in 5.836 seconds (process running for 6.81)
2023-06-21 00:48:50,572 INFO [http-nio-8090-exec-3] o.a.c.c.C.[.[.[/pc-shop] [DirectJDKLog.java:173] Initializing Spring DispatcherServlet 'dispatcherServlet'
2023-06-21 00:48:50,573 INFO [http-nio-8090-exec-3] o.s.w.s.DispatcherServlet [FrameworkServlet.java:532] Initializing Servlet 'dispatcherServlet'
2023-06-21 00:48:50,575 INFO [http-nio-8090-exec-3] o.s.w.s.DispatcherServlet [FrameworkServlet.java:554] Completed initialization in 1 ms
2023-06-21 01:42:26,657 INFO [SpringApplicationShutdownHook] o.s.o.j.LocalContainerEntityManagerFactoryBean [AbstractEntityManagerFactoryBean.java:650] Closing JPA EntityManagerFactory for persistence unit 'default'
2023-06-21 01:42:26,664 INFO [SpringApplicationShutdownHook] c.z.h.HikariDataSource [HikariDataSource.java:350] HikariPool-1 - Shutdown initiated...
2023-06-21 01:42:26,668 INFO [SpringApplicationShutdownHook] c.z.h.HikariDataSource [HikariDataSource.java:352] HikariPool-1 - Shutdown completed.
2023-06-21 04:26:40,076 INFO [background-preinit] o.h.v.i.u.Version [Version.java:21] HV000001: Hibernate Validator 8.0.0.Final
2023-06-21 04:26:40,110 INFO [restartedMain] e.p.PcShopApplication [StartupInfoLogger.java:51] Starting PcShopApplication using Java 17.0.7 with PID 52370 (/Users/dantatar/ditar/dev/SynologyDrive/AAN/school 2023/PROJINT/Projets/pc-shop/target/classes started by dantatar in /Users/dantatar/ditar/dev/SynologyDrive/AAN/school 2023/PROJINT/Projets/pc-shop)
2023-06-21 04:26:40,111 INFO [restartedMain] e.p.PcShopApplication [SpringApplication.java:639] The following 1 profile is active: "production"
2023-06-21 04:26:40,152 INFO [restartedMain] o.s.b.d.e.DevToolsPropertyDefaultsPostProcessor [DeferredLog.java:250] Devtools property defaults active! Set 'spring.devtools.add-properties' to 'false' to disable
2023-06-21 04:26:40,153 INFO [restartedMain] o.s.b.d.e.DevToolsPropertyDefaultsPostProcessor [DeferredLog.java:250] For additional web related logging consider setting the 'logging.level.web' property to 'DEBUG'
2023-06-21 04:26:40,834 INFO [restartedMain] o.s.d.r.c.RepositoryConfigurationDelegate [RepositoryConfigurationDelegate.java:138] Bootstrapping Spring Data JPA repositories in DEFAULT mode.
2023-06-21 04:26:40,914 INFO [restartedMain] o.s.d.r.c.RepositoryConfigurationDelegate [RepositoryConfigurationDelegate.java:208] Finished Spring Data repository scanning in 67 ms. Found 5 JPA repository interfaces.
2023-06-21 04:26:41,509 INFO [restartedMain] o.s.b.w.e.t.TomcatWebServer [TomcatWebServer.java:108] Tomcat initialized with port(s): 8000 (http)
2023-06-21 04:26:41,518 INFO [restartedMain] o.a.c.h.Http11NioProtocol [DirectJDKLog.java:173] Initializing ProtocolHandler ["http-nio-8000"]
2023-06-21 04:26:41,519 INFO [restartedMain] o.a.c.c.StandardService [DirectJDKLog.java:173] Starting service [Tomcat]
2023-06-21 04:26:41,519 INFO [restartedMain] o.a.c.c.StandardEngine [DirectJDKLog.java:173] Starting Servlet engine: [Apache Tomcat/10.1.8]
2023-06-21 04:26:41,569 INFO [restartedMain] o.a.c.c.C.[.[.[/pc-shop] [DirectJDKLog.java:173] Initializing Spring embedded WebApplicationContext
2023-06-21 04:26:41,570 INFO [restartedMain] o.s.b.w.s.c.ServletWebServerApplicationContext [ServletWebServerApplicationContext.java:291] Root WebApplicationContext: initialization completed in 1417 ms
2023-06-21 04:26:41,599 INFO [restartedMain] c.z.h.HikariDataSource [HikariDataSource.java:110] HikariPool-1 - Starting...
2023-06-21 04:26:41,961 INFO [restartedMain] c.z.h.p.HikariPool [HikariPool.java:565] HikariPool-1 - Added connection conn1: url=jdbc:h2:./data/pcshop user=PCSHOP
2023-06-21 04:26:41,963 INFO [restartedMain] c.z.h.HikariDataSource [HikariDataSource.java:123] HikariPool-1 - Start completed.
2023-06-21 04:26:41,975 INFO [restartedMain] o.s.b.a.h.H2ConsoleAutoConfiguration [H2ConsoleAutoConfiguration.java:88] H2 console available at '/h2-console'. Database available at 'jdbc:h2:./data/pcshop'
2023-06-21 04:26:42,114 INFO [restartedMain] o.f.c.i.l.VersionPrinter [Slf4jLog.java:37] Flyway Community Edition 9.16.3 by Redgate
2023-06-21 04:26:42,114 INFO [restartedMain] o.f.c.i.l.VersionPrinter [Slf4jLog.java:37] See release notes here: https://rd.gt/416ObMi
2023-06-21 04:26:42,114 INFO [restartedMain] o.f.c.i.l.VersionPrinter [Slf4jLog.java:37] 
2023-06-21 04:26:42,129 INFO [restartedMain] o.f.c.i.d.b.BaseDatabaseType [Slf4jLog.java:37] Database: jdbc:h2:./data/pcshop (H2 2.1)
2023-06-21 04:26:42,196 INFO [restartedMain] o.f.c.i.c.DbValidate [Slf4jLog.java:37] Successfully validated 8 migrations (execution time 00:00.030s)
2023-06-21 04:26:42,204 INFO [restartedMain] o.f.c.i.c.DbMigrate [Slf4jLog.java:37] Current version of schema "PUBLIC": 1.0.7
2023-06-21 04:26:42,205 INFO [restartedMain] o.f.c.i.c.DbMigrate [Slf4jLog.java:37] Schema "PUBLIC" is up to date. No migration necessary.
2023-06-21 04:26:42,293 INFO [restartedMain] o.h.j.i.u.LogHelper [LogHelper.java:31] HHH000204: Processing PersistenceUnitInfo [name: default]
2023-06-21 04:26:42,379 INFO [restartedMain] o.h.Version [Version.java:44] HHH000412: Hibernate ORM core version 6.2.2.Final
2023-06-21 04:26:42,383 INFO [restartedMain] o.h.c.Environment [Environment.java:191] HHH000406: Using bytecode reflection optimizer
2023-06-21 04:26:42,574 INFO [restartedMain] o.h.b.i.BytecodeProviderInitiator [BytecodeProviderInitiator.java:53] HHH000021: Bytecode provider name : bytebuddy
2023-06-21 04:26:42,741 INFO [restartedMain] o.s.o.j.p.SpringPersistenceUnitInfo [SpringPersistenceUnitInfo.java:87] No LoadTimeWeaver setup: ignoring JPA class transformer
2023-06-21 04:26:42,789 INFO [restartedMain] o.h.o.dialect [DialectFactoryImpl.java:93] HHH035001: Using dialect: org.hibernate.dialect.H2Dialect, version: 2.1.214
2023-06-21 04:26:43,111 INFO [restartedMain] o.h.b.i.BytecodeProviderInitiator [BytecodeProviderInitiator.java:53] HHH000021: Bytecode provider name : bytebuddy
2023-06-21 04:26:44,014 INFO [restartedMain] o.h.e.t.j.p.i.JtaPlatformInitiator [JtaPlatformInitiator.java:51] HHH000490: Using JtaPlatform implementation: [org.hibernate.engine.transaction.jta.platform.internal.NoJtaPlatform]
2023-06-21 04:26:44,039 INFO [restartedMain] o.s.o.j.LocalContainerEntityManagerFactoryBean [AbstractEntityManagerFactoryBean.java:437] Initialized JPA EntityManagerFactory for persistence unit 'default'
2023-06-21 04:26:44,339 WARN [restartedMain] o.s.b.a.o.j.JpaBaseConfiguration$JpaWebConfiguration [JpaBaseConfiguration.java:231] spring.jpa.open-in-view is enabled by default. Therefore, database queries may be performed during view rendering. Explicitly configure spring.jpa.open-in-view to disable this warning
2023-06-21 04:26:44,476 INFO [restartedMain] o.s.b.a.w.s.WelcomePageHandlerMapping [WelcomePageHandlerMapping.java:57] Adding welcome page: class path resource [static/index.html]
2023-06-21 04:26:44,710 INFO [restartedMain] o.s.b.d.a.OptionalLiveReloadServer [OptionalLiveReloadServer.java:59] LiveReload server is running on port 35729
2023-06-21 04:26:44,727 INFO [restartedMain] o.a.c.h.Http11NioProtocol [DirectJDKLog.java:173] Starting ProtocolHandler ["http-nio-8000"]
2023-06-21 04:26:44,741 INFO [restartedMain] o.s.b.w.e.t.TomcatWebServer [TomcatWebServer.java:220] Tomcat started on port(s): 8000 (http) with context path '/pc-shop'
2023-06-21 04:26:44,751 INFO [restartedMain] e.p.PcShopApplication [StartupInfoLogger.java:57] Started PcShopApplication in 5.06 seconds (process running for 6.149)
2023-06-21 04:27:02,407 INFO [SpringApplicationShutdownHook] o.s.o.j.LocalContainerEntityManagerFactoryBean [AbstractEntityManagerFactoryBean.java:650] Closing JPA EntityManagerFactory for persistence unit 'default'
2023-06-21 04:27:02,411 INFO [SpringApplicationShutdownHook] c.z.h.HikariDataSource [HikariDataSource.java:350] HikariPool-1 - Shutdown initiated...
2023-06-21 04:27:02,597 INFO [SpringApplicationShutdownHook] c.z.h.HikariDataSource [HikariDataSource.java:352] HikariPool-1 - Shutdown completed.
2023-06-21 09:35:51,703 INFO [background-preinit] o.h.v.i.u.Version [Version.java:21] HV000001: Hibernate Validator 8.0.0.Final
2023-06-21 09:35:51,740 INFO [restartedMain] e.p.PcShopApplication [StartupInfoLogger.java:51] Starting PcShopApplication using Java 17.0.7 with PID 53549 (/Users/dantatar/ditar/dev/SynologyDrive/AAN/school 2023/PROJINT/Projets/pc-shop/target/classes started by dantatar in /Users/dantatar/ditar/dev/SynologyDrive/AAN/school 2023/PROJINT/Projets/pc-shop)
2023-06-21 09:35:51,741 INFO [restartedMain] e.p.PcShopApplication [SpringApplication.java:639] The following 1 profile is active: "production"
2023-06-21 09:35:51,784 INFO [restartedMain] o.s.b.d.e.DevToolsPropertyDefaultsPostProcessor [DeferredLog.java:250] Devtools property defaults active! Set 'spring.devtools.add-properties' to 'false' to disable
2023-06-21 09:35:51,785 INFO [restartedMain] o.s.b.d.e.DevToolsPropertyDefaultsPostProcessor [DeferredLog.java:250] For additional web related logging consider setting the 'logging.level.web' property to 'DEBUG'
2023-06-21 09:35:52,380 INFO [restartedMain] o.s.d.r.c.RepositoryConfigurationDelegate [RepositoryConfigurationDelegate.java:138] Bootstrapping Spring Data JPA repositories in DEFAULT mode.
2023-06-21 09:35:52,433 INFO [restartedMain] o.s.d.r.c.RepositoryConfigurationDelegate [RepositoryConfigurationDelegate.java:208] Finished Spring Data repository scanning in 42 ms. Found 5 JPA repository interfaces.
2023-06-21 09:35:52,938 INFO [restartedMain] o.s.b.w.e.t.TomcatWebServer [TomcatWebServer.java:108] Tomcat initialized with port(s): 5000 (http)
2023-06-21 09:35:52,945 INFO [restartedMain] o.a.c.h.Http11NioProtocol [DirectJDKLog.java:173] Initializing ProtocolHandler ["http-nio-5000"]
2023-06-21 09:35:52,946 INFO [restartedMain] o.a.c.c.StandardService [DirectJDKLog.java:173] Starting service [Tomcat]
2023-06-21 09:35:52,946 INFO [restartedMain] o.a.c.c.StandardEngine [DirectJDKLog.java:173] Starting Servlet engine: [Apache Tomcat/10.1.8]
2023-06-21 09:35:52,996 INFO [restartedMain] o.a.c.c.C.[.[.[/pc-shop] [DirectJDKLog.java:173] Initializing Spring embedded WebApplicationContext
2023-06-21 09:35:52,996 INFO [restartedMain] o.s.b.w.s.c.ServletWebServerApplicationContext [ServletWebServerApplicationContext.java:291] Root WebApplicationContext: initialization completed in 1211 ms
2023-06-21 09:35:53,034 INFO [restartedMain] c.z.h.HikariDataSource [HikariDataSource.java:110] HikariPool-1 - Starting...
2023-06-21 09:35:53,045 WARN [restartedMain] o.p.u.PGPropertyUtil [PGPropertyUtil.java:39] JDBC URL invalid port number: ${rds.port}
2023-06-21 09:35:53,187 INFO [restartedMain] o.f.c.i.l.VersionPrinter [Slf4jLog.java:37] Flyway Community Edition 9.16.3 by Redgate
2023-06-21 09:35:53,187 INFO [restartedMain] o.f.c.i.l.VersionPrinter [Slf4jLog.java:37] See release notes here: https://rd.gt/416ObMi
2023-06-21 09:35:53,188 INFO [restartedMain] o.f.c.i.l.VersionPrinter [Slf4jLog.java:37] 
2023-06-21 09:35:53,199 INFO [restartedMain] c.z.h.HikariDataSource [HikariDataSource.java:110] HikariPool-1 - Starting...
2023-06-21 09:35:53,200 WARN [restartedMain] o.p.u.PGPropertyUtil [PGPropertyUtil.java:39] JDBC URL invalid port number: ${rds.port}
2023-06-21 09:35:53,201 WARN [restartedMain] o.s.b.w.s.c.AnnotationConfigServletWebServerApplicationContext [AbstractApplicationContext.java:616] Exception encountered during context initialization - cancelling refresh attempt: org.springframework.beans.factory.BeanCreationException: Error creating bean with name 'flywayInitializer' defined in class path resource [org/springframework/boot/autoconfigure/flyway/FlywayAutoConfiguration$FlywayConfiguration.class]: Driver org.postgresql.Driver claims to not accept jdbcUrl, jdbc:postgresql://${rds.hostname}:${rds.port}/${rds.db.name}
2023-06-21 09:35:53,203 INFO [restartedMain] o.a.c.c.StandardService [DirectJDKLog.java:173] Stopping service [Tomcat]
2023-06-21 09:35:53,216 INFO [restartedMain] o.s.b.a.l.ConditionEvaluationReportLogger [ConditionEvaluationReportLogger.java:82] 

Error starting ApplicationContext. To display the condition evaluation report re-run your application with 'debug' enabled.
2023-06-21 09:35:53,234 ERROR [restartedMain] o.s.b.SpringApplication [SpringApplication.java:823] Application run failed
org.springframework.beans.factory.BeanCreationException: Error creating bean with name 'flywayInitializer' defined in class path resource [org/springframework/boot/autoconfigure/flyway/FlywayAutoConfiguration$FlywayConfiguration.class]: Driver org.postgresql.Driver claims to not accept jdbcUrl, jdbc:postgresql://${rds.hostname}:${rds.port}/${rds.db.name}
	at org.springframework.beans.factory.support.AbstractAutowireCapableBeanFactory.initializeBean(AbstractAutowireCapableBeanFactory.java:1770)
	at org.springframework.beans.factory.support.AbstractAutowireCapableBeanFactory.doCreateBean(AbstractAutowireCapableBeanFactory.java:598)
	at org.springframework.beans.factory.support.AbstractAutowireCapableBeanFactory.createBean(AbstractAutowireCapableBeanFactory.java:520)
	at org.springframework.beans.factory.support.AbstractBeanFactory.lambda$doGetBean$0(AbstractBeanFactory.java:326)
	at org.springframework.beans.factory.support.DefaultSingletonBeanRegistry.getSingleton(DefaultSingletonBeanRegistry.java:234)
	at org.springframework.beans.factory.support.AbstractBeanFactory.doGetBean(AbstractBeanFactory.java:324)
	at org.springframework.beans.factory.support.AbstractBeanFactory.getBean(AbstractBeanFactory.java:200)
	at org.springframework.beans.factory.support.AbstractBeanFactory.doGetBean(AbstractBeanFactory.java:313)
	at org.springframework.beans.factory.support.AbstractBeanFactory.getBean(AbstractBeanFactory.java:200)
	at org.springframework.context.support.AbstractApplicationContext.getBean(AbstractApplicationContext.java:1156)
	at org.springframework.context.support.AbstractApplicationContext.finishBeanFactoryInitialization(AbstractApplicationContext.java:931)
	at org.springframework.context.support.AbstractApplicationContext.refresh(AbstractApplicationContext.java:608)
	at org.springframework.boot.web.servlet.context.ServletWebServerApplicationContext.refresh(ServletWebServerApplicationContext.java:146)
	at org.springframework.boot.SpringApplication.refresh(SpringApplication.java:733)
	at org.springframework.boot.SpringApplication.refreshContext(SpringApplication.java:435)
	at org.springframework.boot.SpringApplication.run(SpringApplication.java:311)
	at org.springframework.boot.SpringApplication.run(SpringApplication.java:1305)
	at org.springframework.boot.SpringApplication.run(SpringApplication.java:1294)
	at eafcanghel.pcshop.PcShopApplication.main(PcShopApplication.java:10)
	at java.base/jdk.internal.reflect.NativeMethodAccessorImpl.invoke0(Native Method)
	at java.base/jdk.internal.reflect.NativeMethodAccessorImpl.invoke(NativeMethodAccessorImpl.java:77)
	at java.base/jdk.internal.reflect.DelegatingMethodAccessorImpl.invoke(DelegatingMethodAccessorImpl.java:43)
	at java.base/java.lang.reflect.Method.invoke(Method.java:568)
	at org.springframework.boot.devtools.restart.RestartLauncher.run(RestartLauncher.java:49)
Caused by: java.lang.RuntimeException: Driver org.postgresql.Driver claims to not accept jdbcUrl, jdbc:postgresql://${rds.hostname}:${rds.port}/${rds.db.name}
	at com.zaxxer.hikari.util.DriverDataSource.<init>(DriverDataSource.java:110)
	at com.zaxxer.hikari.pool.PoolBase.initializeDataSource(PoolBase.java:326)
	at com.zaxxer.hikari.pool.PoolBase.<init>(PoolBase.java:112)
	at com.zaxxer.hikari.pool.HikariPool.<init>(HikariPool.java:93)
	at com.zaxxer.hikari.HikariDataSource.getConnection(HikariDataSource.java:112)
	at org.flywaydb.core.internal.jdbc.JdbcUtils.openConnection(JdbcUtils.java:48)
	at org.flywaydb.core.internal.jdbc.JdbcConnectionFactory.<init>(JdbcConnectionFactory.java:74)
	at org.flywaydb.core.FlywayExecutor.execute(FlywayExecutor.java:140)
	at org.flywaydb.core.Flyway.migrate(Flyway.java:140)
	at org.springframework.boot.autoconfigure.flyway.FlywayMigrationInitializer.afterPropertiesSet(FlywayMigrationInitializer.java:66)
	at org.springframework.beans.factory.support.AbstractAutowireCapableBeanFactory.invokeInitMethods(AbstractAutowireCapableBeanFactory.java:1816)
	at org.springframework.beans.factory.support.AbstractAutowireCapableBeanFactory.initializeBean(AbstractAutowireCapableBeanFactory.java:1766)
	... 23 common frames omitted
2023-06-21 09:53:55,781 INFO [background-preinit] o.h.v.i.u.Version [Version.java:21] HV000001: Hibernate Validator 8.0.0.Final
2023-06-21 09:53:55,813 INFO [restartedMain] e.p.PcShopApplication [StartupInfoLogger.java:51] Starting PcShopApplication using Java 17.0.7 with PID 54280 (/Users/dantatar/ditar/dev/SynologyDrive/AAN/school 2023/PROJINT/Projets/pc-shop/target/classes started by dantatar in /Users/dantatar/ditar/dev/SynologyDrive/AAN/school 2023/PROJINT/Projets/pc-shop)
2023-06-21 09:53:55,813 INFO [restartedMain] e.p.PcShopApplication [SpringApplication.java:639] The following 1 profile is active: "@activatedProperties@"
2023-06-21 09:53:55,850 INFO [restartedMain] o.s.b.d.e.DevToolsPropertyDefaultsPostProcessor [DeferredLog.java:250] Devtools property defaults active! Set 'spring.devtools.add-properties' to 'false' to disable
2023-06-21 09:53:55,850 INFO [restartedMain] o.s.b.d.e.DevToolsPropertyDefaultsPostProcessor [DeferredLog.java:250] For additional web related logging consider setting the 'logging.level.web' property to 'DEBUG'
2023-06-21 09:53:56,309 INFO [restartedMain] o.s.d.r.c.RepositoryConfigurationDelegate [RepositoryConfigurationDelegate.java:138] Bootstrapping Spring Data JPA repositories in DEFAULT mode.
2023-06-21 09:53:56,385 INFO [restartedMain] o.s.d.r.c.RepositoryConfigurationDelegate [RepositoryConfigurationDelegate.java:208] Finished Spring Data repository scanning in 70 ms. Found 5 JPA repository interfaces.
2023-06-21 09:53:56,806 INFO [restartedMain] o.s.b.w.e.t.TomcatWebServer [TomcatWebServer.java:108] Tomcat initialized with port(s): 8080 (http)
2023-06-21 09:53:56,813 INFO [restartedMain] o.a.c.h.Http11NioProtocol [DirectJDKLog.java:173] Initializing ProtocolHandler ["http-nio-8080"]
2023-06-21 09:53:56,813 INFO [restartedMain] o.a.c.c.StandardService [DirectJDKLog.java:173] Starting service [Tomcat]
2023-06-21 09:53:56,813 INFO [restartedMain] o.a.c.c.StandardEngine [DirectJDKLog.java:173] Starting Servlet engine: [Apache Tomcat/10.1.8]
2023-06-21 09:53:56,861 INFO [restartedMain] o.a.c.c.C.[.[.[/] [DirectJDKLog.java:173] Initializing Spring embedded WebApplicationContext
2023-06-21 09:53:56,861 INFO [restartedMain] o.s.b.w.s.c.ServletWebServerApplicationContext [ServletWebServerApplicationContext.java:291] Root WebApplicationContext: initialization completed in 1010 ms
2023-06-21 09:53:56,892 INFO [restartedMain] c.z.h.HikariDataSource [HikariDataSource.java:110] HikariPool-1 - Starting...
2023-06-21 09:53:57,085 INFO [restartedMain] c.z.h.p.HikariPool [HikariPool.java:565] HikariPool-1 - Added connection conn0: url=jdbc:h2:mem:6f56b6a1-1398-4f0f-964a-5cbb9cdcb175 user=SA
2023-06-21 09:53:57,088 INFO [restartedMain] c.z.h.HikariDataSource [HikariDataSource.java:123] HikariPool-1 - Start completed.
2023-06-21 09:53:57,099 INFO [restartedMain] o.s.b.a.h.H2ConsoleAutoConfiguration [H2ConsoleAutoConfiguration.java:88] H2 console available at '/h2-console'. Database available at 'jdbc:h2:mem:6f56b6a1-1398-4f0f-964a-5cbb9cdcb175'
2023-06-21 09:53:57,222 INFO [restartedMain] o.f.c.i.l.VersionPrinter [Slf4jLog.java:37] Flyway Community Edition 9.16.3 by Redgate
2023-06-21 09:53:57,222 INFO [restartedMain] o.f.c.i.l.VersionPrinter [Slf4jLog.java:37] See release notes here: https://rd.gt/416ObMi
2023-06-21 09:53:57,222 INFO [restartedMain] o.f.c.i.l.VersionPrinter [Slf4jLog.java:37] 
2023-06-21 09:53:57,233 INFO [restartedMain] o.f.c.i.d.b.BaseDatabaseType [Slf4jLog.java:37] Database: jdbc:h2:mem:6f56b6a1-1398-4f0f-964a-5cbb9cdcb175 (H2 2.1)
2023-06-21 09:53:57,275 INFO [restartedMain] o.f.c.i.s.JdbcTableSchemaHistory [Slf4jLog.java:37] Schema history table "PUBLIC"."flyway_schema_history" does not exist yet
2023-06-21 09:53:57,277 INFO [restartedMain] o.f.c.i.c.DbValidate [Slf4jLog.java:37] Successfully validated 8 migrations (execution time 00:00.011s)
2023-06-21 09:53:57,281 INFO [restartedMain] o.f.c.i.s.JdbcTableSchemaHistory [Slf4jLog.java:37] Creating Schema History table "PUBLIC"."flyway_schema_history" ...
2023-06-21 09:53:57,297 INFO [restartedMain] o.f.c.i.c.DbMigrate [Slf4jLog.java:37] Current version of schema "PUBLIC": << Empty Schema >>
2023-06-21 09:53:57,302 INFO [restartedMain] o.f.c.i.c.DbMigrate [Slf4jLog.java:37] Migrating schema "PUBLIC" to version "1.0.0 - create user table"
2023-06-21 09:53:57,313 INFO [restartedMain] o.f.c.i.c.DbMigrate [Slf4jLog.java:37] Migrating schema "PUBLIC" to version "1.0.1 - create order table"
2023-06-21 09:53:57,321 INFO [restartedMain] o.f.c.i.c.DbMigrate [Slf4jLog.java:37] Migrating schema "PUBLIC" to version "1.0.2 - create item table"
2023-06-21 09:53:57,327 INFO [restartedMain] o.f.c.i.c.DbMigrate [Slf4jLog.java:37] Migrating schema "PUBLIC" to version "1.0.3 - create payment table"
2023-06-21 09:53:57,332 INFO [restartedMain] o.f.c.i.c.DbMigrate [Slf4jLog.java:37] Migrating schema "PUBLIC" to version "1.0.4 - create order line table"
2023-06-21 09:53:57,339 INFO [restartedMain] o.f.c.i.c.DbMigrate [Slf4jLog.java:37] Migrating schema "PUBLIC" to version "1.0.5 - create category table"
2023-06-21 09:53:57,345 INFO [restartedMain] o.f.c.i.c.DbMigrate [Slf4jLog.java:37] Migrating schema "PUBLIC" to version "1.0.6 - create item category table"
2023-06-21 09:53:57,361 INFO [restartedMain] o.f.c.i.c.DbMigrate [Slf4jLog.java:37] Migrating schema "PUBLIC" to version "1.0.7 - insert items and categories"
2023-06-21 09:53:57,405 INFO [restartedMain] o.f.c.i.c.DbMigrate [Slf4jLog.java:37] Successfully applied 8 migrations to schema "PUBLIC", now at version v1.0.7 (execution time 00:00.109s)
2023-06-21 09:53:57,480 INFO [restartedMain] o.h.j.i.u.LogHelper [LogHelper.java:31] HHH000204: Processing PersistenceUnitInfo [name: default]
2023-06-21 09:53:57,522 INFO [restartedMain] o.h.Version [Version.java:44] HHH000412: Hibernate ORM core version 6.2.2.Final
2023-06-21 09:53:57,524 INFO [restartedMain] o.h.c.Environment [Environment.java:191] HHH000406: Using bytecode reflection optimizer
2023-06-21 09:53:57,642 INFO [restartedMain] o.h.b.i.BytecodeProviderInitiator [BytecodeProviderInitiator.java:53] HHH000021: Bytecode provider name : bytebuddy
2023-06-21 09:53:57,753 INFO [restartedMain] o.s.o.j.p.SpringPersistenceUnitInfo [SpringPersistenceUnitInfo.java:87] No LoadTimeWeaver setup: ignoring JPA class transformer
2023-06-21 09:53:57,794 INFO [restartedMain] o.h.o.dialect [DialectFactoryImpl.java:93] HHH035001: Using dialect: org.hibernate.dialect.H2Dialect, version: 2.1.214
2023-06-21 09:53:58,017 INFO [restartedMain] o.h.b.i.BytecodeProviderInitiator [BytecodeProviderInitiator.java:53] HHH000021: Bytecode provider name : bytebuddy
2023-06-21 09:53:58,631 INFO [restartedMain] o.h.e.t.j.p.i.JtaPlatformInitiator [JtaPlatformInitiator.java:51] HHH000490: Using JtaPlatform implementation: [org.hibernate.engine.transaction.jta.platform.internal.NoJtaPlatform]
2023-06-21 09:53:58,633 INFO [restartedMain] o.s.o.j.LocalContainerEntityManagerFactoryBean [AbstractEntityManagerFactoryBean.java:437] Initialized JPA EntityManagerFactory for persistence unit 'default'
2023-06-21 09:53:58,821 WARN [restartedMain] o.s.b.a.o.j.JpaBaseConfiguration$JpaWebConfiguration [JpaBaseConfiguration.java:231] spring.jpa.open-in-view is enabled by default. Therefore, database queries may be performed during view rendering. Explicitly configure spring.jpa.open-in-view to disable this warning
2023-06-21 09:53:58,946 INFO [restartedMain] o.s.b.a.w.s.WelcomePageHandlerMapping [WelcomePageHandlerMapping.java:57] Adding welcome page: class path resource [static/index.html]
2023-06-21 09:53:59,139 WARN [restartedMain] o.s.b.a.s.s.UserDetailsServiceAutoConfiguration [UserDetailsServiceAutoConfiguration.java:87] 

Using generated security password: 8a847840-78e0-4d3d-b1fa-f42fe8e884d2

This generated password is for development use only. Your security configuration must be updated before running your application in production.

2023-06-21 09:53:59,241 INFO [restartedMain] o.s.s.w.DefaultSecurityFilterChain [DefaultSecurityFilterChain.java:54] Will secure any request with [org.springframework.security.web.session.DisableEncodeUrlFilter@79915ac8, org.springframework.security.web.context.request.async.WebAsyncManagerIntegrationFilter@55030fc1, org.springframework.security.web.context.SecurityContextHolderFilter@1a0e5e6e, org.springframework.security.web.header.HeaderWriterFilter@1d323f4a, org.springframework.security.web.csrf.CsrfFilter@544a2c88, org.springframework.security.web.authentication.logout.LogoutFilter@c2a7af2, org.springframework.security.web.authentication.UsernamePasswordAuthenticationFilter@49a5adb2, org.springframework.security.web.authentication.ui.DefaultLoginPageGeneratingFilter@60f65794, org.springframework.security.web.authentication.ui.DefaultLogoutPageGeneratingFilter@5e8ae53, org.springframework.security.web.authentication.www.BasicAuthenticationFilter@6c581cdf, org.springframework.security.web.savedrequest.RequestCacheAwareFilter@4169b7f, org.springframework.security.web.servletapi.SecurityContextHolderAwareRequestFilter@28749bb7, org.springframework.security.web.authentication.AnonymousAuthenticationFilter@2faf46cf, org.springframework.security.web.access.ExceptionTranslationFilter@59b15b94, org.springframework.security.web.access.intercept.AuthorizationFilter@680d29f5]
2023-06-21 09:53:59,281 INFO [restartedMain] o.s.b.d.a.OptionalLiveReloadServer [OptionalLiveReloadServer.java:59] LiveReload server is running on port 35729
2023-06-21 09:53:59,299 INFO [restartedMain] o.a.c.h.Http11NioProtocol [DirectJDKLog.java:173] Starting ProtocolHandler ["http-nio-8080"]
2023-06-21 09:53:59,313 INFO [restartedMain] o.s.b.w.e.t.TomcatWebServer [TomcatWebServer.java:220] Tomcat started on port(s): 8080 (http) with context path ''
2023-06-21 09:53:59,324 INFO [restartedMain] e.p.PcShopApplication [StartupInfoLogger.java:57] Started PcShopApplication in 3.751 seconds (process running for 4.593)
2023-06-21 09:57:24,699 INFO [File Watcher] o.s.b.d.a.LocalDevToolsAutoConfiguration$RestartingClassPathChangeChangedEventListener [LocalDevToolsAutoConfiguration.java:211] Restarting due to 38 class path changes (0 additions, 20 deletions, 18 modifications)
2023-06-21 09:57:24,712 INFO [Thread-5] o.a.c.h.Http11NioProtocol [DirectJDKLog.java:173] Pausing ProtocolHandler ["http-nio-8080"]
2023-06-21 09:57:24,712 INFO [Thread-5] o.a.c.c.StandardService [DirectJDKLog.java:173] Stopping service [Tomcat]
2023-06-21 09:57:24,715 INFO [Thread-5] o.a.c.h.Http11NioProtocol [DirectJDKLog.java:173] Stopping ProtocolHandler ["http-nio-8080"]
2023-06-21 09:57:24,717 INFO [Thread-5] o.a.c.h.Http11NioProtocol [DirectJDKLog.java:173] Destroying ProtocolHandler ["http-nio-8080"]
2023-06-21 09:57:24,719 INFO [Thread-5] o.s.o.j.LocalContainerEntityManagerFactoryBean [AbstractEntityManagerFactoryBean.java:650] Closing JPA EntityManagerFactory for persistence unit 'default'
2023-06-21 09:57:24,929 WARN [Thread-5] o.s.b.f.s.DisposableBeanAdapter [DisposableBeanAdapter.java:211] Invocation of destroy method failed on bean with name 'inMemoryDatabaseShutdownExecutor': org.h2.jdbc.JdbcSQLNonTransientConnectionException: Database is already closed (to disable automatic closing at VM shutdown, add ";DB_CLOSE_ON_EXIT=FALSE" to the db URL) [90121-214]
2023-06-21 09:57:24,931 INFO [Thread-5] c.z.h.HikariDataSource [HikariDataSource.java:350] HikariPool-1 - Shutdown initiated...
2023-06-21 09:57:24,934 INFO [Thread-5] c.z.h.HikariDataSource [HikariDataSource.java:352] HikariPool-1 - Shutdown completed.
2023-06-21 09:57:25,027 INFO [restartedMain] e.p.PcShopApplication [StartupInfoLogger.java:51] Starting PcShopApplication using Java 17.0.7 with PID 54280 (/Users/dantatar/ditar/dev/SynologyDrive/AAN/school 2023/PROJINT/Projets/pc-shop/target/classes started by dantatar in /Users/dantatar/ditar/dev/SynologyDrive/AAN/school 2023/PROJINT/Projets/pc-shop)
2023-06-21 09:57:25,028 INFO [restartedMain] e.p.PcShopApplication [SpringApplication.java:639] The following 1 profile is active: "dev"
2023-06-21 09:57:25,246 INFO [restartedMain] o.s.d.r.c.RepositoryConfigurationDelegate [RepositoryConfigurationDelegate.java:138] Bootstrapping Spring Data JPA repositories in DEFAULT mode.
2023-06-21 09:57:25,247 INFO [restartedMain] o.s.d.r.c.RepositoryConfigurationDelegate [RepositoryConfigurationDelegate.java:208] Finished Spring Data repository scanning in 0 ms. Found 0 JPA repository interfaces.
2023-06-21 09:57:25,345 INFO [restartedMain] o.s.b.w.e.t.TomcatWebServer [TomcatWebServer.java:108] Tomcat initialized with port(s): 8090 (http)
2023-06-21 09:57:25,345 INFO [restartedMain] o.a.c.h.Http11NioProtocol [DirectJDKLog.java:173] Initializing ProtocolHandler ["http-nio-8090"]
2023-06-21 09:57:25,346 INFO [restartedMain] o.a.c.c.StandardService [DirectJDKLog.java:173] Starting service [Tomcat]
2023-06-21 09:57:25,346 INFO [restartedMain] o.a.c.c.StandardEngine [DirectJDKLog.java:173] Starting Servlet engine: [Apache Tomcat/10.1.8]
2023-06-21 09:57:25,363 INFO [restartedMain] o.a.c.c.C.[.[.[/pc-shop] [DirectJDKLog.java:173] Initializing Spring embedded WebApplicationContext
2023-06-21 09:57:25,364 INFO [restartedMain] o.s.b.w.s.c.ServletWebServerApplicationContext [ServletWebServerApplicationContext.java:291] Root WebApplicationContext: initialization completed in 333 ms
2023-06-21 09:57:25,379 INFO [restartedMain] c.z.h.HikariDataSource [HikariDataSource.java:110] HikariPool-2 - Starting...
2023-06-21 09:57:25,654 INFO [restartedMain] c.z.h.p.HikariPool [HikariPool.java:565] HikariPool-2 - Added connection conn11: url=jdbc:h2:./data/pcshop user=PCSHOP
2023-06-21 09:57:25,654 INFO [restartedMain] c.z.h.HikariDataSource [HikariDataSource.java:123] HikariPool-2 - Start completed.
2023-06-21 09:57:25,655 INFO [restartedMain] o.s.b.a.h.H2ConsoleAutoConfiguration [H2ConsoleAutoConfiguration.java:88] H2 console available at '/h2-console'. Database available at 'jdbc:h2:./data/pcshop'
2023-06-21 09:57:25,675 INFO [restartedMain] o.f.c.i.d.b.BaseDatabaseType [Slf4jLog.java:37] Database: jdbc:h2:./data/pcshop (H2 2.1)
2023-06-21 09:57:25,684 INFO [restartedMain] o.f.c.i.c.DbValidate [Slf4jLog.java:37] Successfully validated 8 migrations (execution time 00:00.004s)
2023-06-21 09:57:25,686 INFO [restartedMain] o.f.c.i.c.DbMigrate [Slf4jLog.java:37] Current version of schema "PUBLIC": 1.0.7
2023-06-21 09:57:25,686 INFO [restartedMain] o.f.c.i.c.DbMigrate [Slf4jLog.java:37] Schema "PUBLIC" is up to date. No migration necessary.
2023-06-21 09:57:25,700 INFO [restartedMain] o.h.j.i.u.LogHelper [LogHelper.java:31] HHH000204: Processing PersistenceUnitInfo [name: default]
2023-06-21 09:57:25,706 INFO [restartedMain] o.h.b.i.BytecodeProviderInitiator [BytecodeProviderInitiator.java:53] HHH000021: Bytecode provider name : bytebuddy
2023-06-21 09:57:25,706 INFO [restartedMain] o.s.o.j.p.SpringPersistenceUnitInfo [SpringPersistenceUnitInfo.java:87] No LoadTimeWeaver setup: ignoring JPA class transformer
2023-06-21 09:57:25,708 INFO [restartedMain] o.h.o.dialect [DialectFactoryImpl.java:93] HHH035001: Using dialect: org.hibernate.dialect.H2Dialect, version: 2.1.214
2023-06-21 09:57:25,716 INFO [restartedMain] o.h.b.i.BytecodeProviderInitiator [BytecodeProviderInitiator.java:53] HHH000021: Bytecode provider name : bytebuddy
2023-06-21 09:57:25,743 INFO [restartedMain] o.h.e.t.j.p.i.JtaPlatformInitiator [JtaPlatformInitiator.java:51] HHH000490: Using JtaPlatform implementation: [org.hibernate.engine.transaction.jta.platform.internal.NoJtaPlatform]
2023-06-21 09:57:25,760 INFO [restartedMain] o.s.o.j.LocalContainerEntityManagerFactoryBean [AbstractEntityManagerFactoryBean.java:437] Initialized JPA EntityManagerFactory for persistence unit 'default'
2023-06-21 09:57:25,777 WARN [restartedMain] o.s.b.a.o.j.JpaBaseConfiguration$JpaWebConfiguration [JpaBaseConfiguration.java:231] spring.jpa.open-in-view is enabled by default. Therefore, database queries may be performed during view rendering. Explicitly configure spring.jpa.open-in-view to disable this warning
2023-06-21 09:57:25,811 INFO [restartedMain] o.s.b.a.w.s.WelcomePageHandlerMapping [WelcomePageHandlerMapping.java:57] Adding welcome page: class path resource [static/index.html]
2023-06-21 09:57:25,952 INFO [restartedMain] o.s.s.w.DefaultSecurityFilterChain [DefaultSecurityFilterChain.java:54] Will secure any request with [org.springframework.security.web.session.DisableEncodeUrlFilter@488c6661, org.springframework.security.web.context.request.async.WebAsyncManagerIntegrationFilter@77942e31, org.springframework.security.web.context.SecurityContextHolderFilter@245fc41a, org.springframework.security.web.header.HeaderWriterFilter@733e4876, org.springframework.security.web.csrf.CsrfFilter@6adbba4e, org.springframework.security.web.authentication.logout.LogoutFilter@2ba844bf, org.springframework.security.oauth2.server.resource.web.authentication.BearerTokenAuthenticationFilter@5303a38d, org.springframework.security.web.savedrequest.RequestCacheAwareFilter@13e11315, org.springframework.security.web.servletapi.SecurityContextHolderAwareRequestFilter@70f1aa10, org.springframework.security.web.authentication.AnonymousAuthenticationFilter@78e39b23, org.springframework.security.web.access.ExceptionTranslationFilter@75f2c031, org.springframework.security.web.access.intercept.AuthorizationFilter@4d160e47]
2023-06-21 09:57:25,965 INFO [restartedMain] o.s.b.d.a.OptionalLiveReloadServer [OptionalLiveReloadServer.java:59] LiveReload server is running on port 35729
2023-06-21 09:57:25,975 INFO [restartedMain] o.a.c.h.Http11NioProtocol [DirectJDKLog.java:173] Starting ProtocolHandler ["http-nio-8090"]
2023-06-21 09:57:25,977 INFO [restartedMain] o.s.b.w.e.t.TomcatWebServer [TomcatWebServer.java:220] Tomcat started on port(s): 8090 (http) with context path '/pc-shop'
2023-06-21 09:57:25,981 INFO [restartedMain] e.p.PcShopApplication [StartupInfoLogger.java:57] Started PcShopApplication in 0.989 seconds (process running for 211.251)
2023-06-21 09:57:25,985 INFO [restartedMain] o.s.b.d.a.ConditionEvaluationDeltaLoggingListener [ConditionEvaluationDeltaLoggingListener.java:58] Condition evaluation delta:


==========================
CONDITION EVALUATION DELTA
==========================


Positive matches:
-----------------

   OAuth2ResourceServerJwtConfiguration.JwtDecoderConfiguration#jwtDecoderByJwkKeySetUri matched:
      - @ConditionalOnProperty (spring.security.oauth2.resourceserver.jwt.jwk-set-uri) matched (OnPropertyCondition)

   OAuth2ResourceServerJwtConfiguration.OAuth2SecurityFilterChainConfiguration#jwtSecurityFilterChain matched:
      - @ConditionalOnBean (types: org.springframework.security.oauth2.jwt.JwtDecoder; SearchStrategy: all) found bean 'jwtDecoderByJwkKeySetUri' (OnBeanCondition)


Negative matches:
-----------------

   OAuth2ResourceServerOpaqueTokenConfiguration.OAuth2SecurityFilterChainConfiguration:
      Did not match:
         - AllNestedConditions 1 matched 1 did not; NestedCondition on DefaultWebSecurityCondition.Beans @ConditionalOnMissingBean (types: org.springframework.security.web.SecurityFilterChain; SearchStrategy: all) found beans of type 'org.springframework.security.web.SecurityFilterChain' jwtSecurityFilterChain; NestedCondition on DefaultWebSecurityCondition.Classes @ConditionalOnClass found required classes 'org.springframework.security.web.SecurityFilterChain', 'org.springframework.security.config.annotation.web.builders.HttpSecurity' (DefaultWebSecurityCondition)

   SpringBootWebSecurityConfiguration.SecurityFilterChainConfiguration:
      Did not match:
         - AllNestedConditions 1 matched 1 did not; NestedCondition on DefaultWebSecurityCondition.Beans @ConditionalOnMissingBean (types: org.springframework.security.web.SecurityFilterChain; SearchStrategy: all) found beans of type 'org.springframework.security.web.SecurityFilterChain' jwtSecurityFilterChain; NestedCondition on DefaultWebSecurityCondition.Classes @ConditionalOnClass found required classes 'org.springframework.security.web.SecurityFilterChain', 'org.springframework.security.config.annotation.web.builders.HttpSecurity' (DefaultWebSecurityCondition)

   UserDetailsServiceAutoConfiguration:
      Did not match:
         - @ConditionalOnMissingBean (types: org.springframework.security.authentication.AuthenticationManager,org.springframework.security.authentication.AuthenticationProvider,org.springframework.security.core.userdetails.UserDetailsService,org.springframework.security.authentication.AuthenticationManagerResolver,org.springframework.security.oauth2.jwt.JwtDecoder,org.springframework.security.oauth2.server.resource.introspection.OpaqueTokenIntrospector,org.springframework.security.oauth2.client.registration.ClientRegistrationRepository,org.springframework.security.saml2.provider.service.registration.RelyingPartyRegistrationRepository; SearchStrategy: all) found beans of type 'org.springframework.security.oauth2.jwt.JwtDecoder' jwtDecoderByJwkKeySetUri (OnBeanCondition)
      Matched:
         - @ConditionalOnClass found required class 'org.springframework.security.authentication.AuthenticationManager' (OnClassCondition)


Exclusions:
-----------

    None


Unconditional classes:
----------------------

    None



2023-06-21 09:57:27,379 INFO [File Watcher] o.s.b.d.a.LocalDevToolsAutoConfiguration$RestartingClassPathChangeChangedEventListener [LocalDevToolsAutoConfiguration.java:211] Restarting due to 21 class path changes (21 additions, 0 deletions, 0 modifications)
2023-06-21 09:57:27,381 INFO [Thread-7] o.a.c.h.Http11NioProtocol [DirectJDKLog.java:173] Pausing ProtocolHandler ["http-nio-8090"]
2023-06-21 09:57:27,382 INFO [Thread-7] o.a.c.c.StandardService [DirectJDKLog.java:173] Stopping service [Tomcat]
2023-06-21 09:57:27,383 INFO [Thread-7] o.a.c.h.Http11NioProtocol [DirectJDKLog.java:173] Stopping ProtocolHandler ["http-nio-8090"]
2023-06-21 09:57:27,384 INFO [Thread-7] o.a.c.h.Http11NioProtocol [DirectJDKLog.java:173] Destroying ProtocolHandler ["http-nio-8090"]
2023-06-21 09:57:27,386 INFO [Thread-7] o.s.o.j.LocalContainerEntityManagerFactoryBean [AbstractEntityManagerFactoryBean.java:650] Closing JPA EntityManagerFactory for persistence unit 'default'
2023-06-21 09:57:27,387 INFO [Thread-7] c.z.h.HikariDataSource [HikariDataSource.java:350] HikariPool-2 - Shutdown initiated...
2023-06-21 09:57:27,567 INFO [Thread-7] c.z.h.HikariDataSource [HikariDataSource.java:352] HikariPool-2 - Shutdown completed.
2023-06-21 09:57:27,641 INFO [restartedMain] e.p.PcShopApplication [StartupInfoLogger.java:51] Starting PcShopApplication using Java 17.0.7 with PID 54280 (/Users/dantatar/ditar/dev/SynologyDrive/AAN/school 2023/PROJINT/Projets/pc-shop/target/classes started by dantatar in /Users/dantatar/ditar/dev/SynologyDrive/AAN/school 2023/PROJINT/Projets/pc-shop)
2023-06-21 09:57:27,642 INFO [restartedMain] e.p.PcShopApplication [SpringApplication.java:639] The following 1 profile is active: "dev"
2023-06-21 09:57:27,791 INFO [restartedMain] o.s.d.r.c.RepositoryConfigurationDelegate [RepositoryConfigurationDelegate.java:138] Bootstrapping Spring Data JPA repositories in DEFAULT mode.
2023-06-21 09:57:27,809 INFO [restartedMain] o.s.d.r.c.RepositoryConfigurationDelegate [RepositoryConfigurationDelegate.java:208] Finished Spring Data repository scanning in 17 ms. Found 5 JPA repository interfaces.
2023-06-21 09:57:27,917 INFO [restartedMain] o.s.b.w.e.t.TomcatWebServer [TomcatWebServer.java:108] Tomcat initialized with port(s): 8090 (http)
2023-06-21 09:57:27,918 INFO [restartedMain] o.a.c.h.Http11NioProtocol [DirectJDKLog.java:173] Initializing ProtocolHandler ["http-nio-8090"]
2023-06-21 09:57:27,918 INFO [restartedMain] o.a.c.c.StandardService [DirectJDKLog.java:173] Starting service [Tomcat]
2023-06-21 09:57:27,918 INFO [restartedMain] o.a.c.c.StandardEngine [DirectJDKLog.java:173] Starting Servlet engine: [Apache Tomcat/10.1.8]
2023-06-21 09:57:27,932 INFO [restartedMain] o.a.c.c.C.[.[.[/pc-shop] [DirectJDKLog.java:173] Initializing Spring embedded WebApplicationContext
2023-06-21 09:57:27,932 INFO [restartedMain] o.s.b.w.s.c.ServletWebServerApplicationContext [ServletWebServerApplicationContext.java:291] Root WebApplicationContext: initialization completed in 288 ms
2023-06-21 09:57:27,943 INFO [restartedMain] c.z.h.HikariDataSource [HikariDataSource.java:110] HikariPool-3 - Starting...
2023-06-21 09:57:27,988 INFO [restartedMain] c.z.h.p.HikariPool [HikariPool.java:565] HikariPool-3 - Added connection conn22: url=jdbc:h2:./data/pcshop user=PCSHOP
2023-06-21 09:57:27,989 INFO [restartedMain] c.z.h.HikariDataSource [HikariDataSource.java:123] HikariPool-3 - Start completed.
2023-06-21 09:57:27,990 INFO [restartedMain] o.s.b.a.h.H2ConsoleAutoConfiguration [H2ConsoleAutoConfiguration.java:88] H2 console available at '/h2-console'. Database available at 'jdbc:h2:./data/pcshop'
2023-06-21 09:57:28,014 INFO [restartedMain] o.f.c.i.d.b.BaseDatabaseType [Slf4jLog.java:37] Database: jdbc:h2:./data/pcshop (H2 2.1)
2023-06-21 09:57:28,023 INFO [restartedMain] o.f.c.i.c.DbValidate [Slf4jLog.java:37] Successfully validated 8 migrations (execution time 00:00.005s)
2023-06-21 09:57:28,025 INFO [restartedMain] o.f.c.i.c.DbMigrate [Slf4jLog.java:37] Current version of schema "PUBLIC": 1.0.7
2023-06-21 09:57:28,025 INFO [restartedMain] o.f.c.i.c.DbMigrate [Slf4jLog.java:37] Schema "PUBLIC" is up to date. No migration necessary.
2023-06-21 09:57:28,043 INFO [restartedMain] o.h.j.i.u.LogHelper [LogHelper.java:31] HHH000204: Processing PersistenceUnitInfo [name: default]
2023-06-21 09:57:28,049 INFO [restartedMain] o.h.b.i.BytecodeProviderInitiator [BytecodeProviderInitiator.java:53] HHH000021: Bytecode provider name : bytebuddy
2023-06-21 09:57:28,050 INFO [restartedMain] o.s.o.j.p.SpringPersistenceUnitInfo [SpringPersistenceUnitInfo.java:87] No LoadTimeWeaver setup: ignoring JPA class transformer
2023-06-21 09:57:28,052 INFO [restartedMain] o.h.o.dialect [DialectFactoryImpl.java:93] HHH035001: Using dialect: org.hibernate.dialect.H2Dialect, version: 2.1.214
2023-06-21 09:57:28,080 INFO [restartedMain] o.h.b.i.BytecodeProviderInitiator [BytecodeProviderInitiator.java:53] HHH000021: Bytecode provider name : bytebuddy
2023-06-21 09:57:28,161 INFO [restartedMain] o.h.e.t.j.p.i.JtaPlatformInitiator [JtaPlatformInitiator.java:51] HHH000490: Using JtaPlatform implementation: [org.hibernate.engine.transaction.jta.platform.internal.NoJtaPlatform]
2023-06-21 09:57:28,163 INFO [restartedMain] o.s.o.j.LocalContainerEntityManagerFactoryBean [AbstractEntityManagerFactoryBean.java:437] Initialized JPA EntityManagerFactory for persistence unit 'default'
2023-06-21 09:57:28,216 WARN [restartedMain] o.s.b.a.o.j.JpaBaseConfiguration$JpaWebConfiguration [JpaBaseConfiguration.java:231] spring.jpa.open-in-view is enabled by default. Therefore, database queries may be performed during view rendering. Explicitly configure spring.jpa.open-in-view to disable this warning
2023-06-21 09:57:28,227 INFO [restartedMain] o.s.b.a.w.s.WelcomePageHandlerMapping [WelcomePageHandlerMapping.java:57] Adding welcome page: class path resource [static/index.html]
2023-06-21 09:57:28,298 INFO [restartedMain] o.s.s.w.DefaultSecurityFilterChain [DefaultSecurityFilterChain.java:54] Will secure any request with [org.springframework.security.web.session.DisableEncodeUrlFilter@cf7b9f8, org.springframework.security.web.context.request.async.WebAsyncManagerIntegrationFilter@4a57ee30, org.springframework.security.web.context.SecurityContextHolderFilter@5d6c765a, org.springframework.security.web.header.HeaderWriterFilter@134505ad, org.springframework.security.web.authentication.logout.LogoutFilter@256490f2, org.springframework.security.web.savedrequest.RequestCacheAwareFilter@60f91354, org.springframework.security.web.servletapi.SecurityContextHolderAwareRequestFilter@2057fab4, org.springframework.security.web.authentication.AnonymousAuthenticationFilter@777de948, org.springframework.security.web.access.ExceptionTranslationFilter@49313be4, org.springframework.security.web.access.intercept.FilterSecurityInterceptor@73c6699a]
2023-06-21 09:57:28,410 INFO [restartedMain] o.s.b.d.a.OptionalLiveReloadServer [OptionalLiveReloadServer.java:59] LiveReload server is running on port 35729
2023-06-21 09:57:28,419 INFO [restartedMain] o.a.c.h.Http11NioProtocol [DirectJDKLog.java:173] Starting ProtocolHandler ["http-nio-8090"]
2023-06-21 09:57:28,422 INFO [restartedMain] o.s.b.w.e.t.TomcatWebServer [TomcatWebServer.java:220] Tomcat started on port(s): 8090 (http) with context path '/pc-shop'
2023-06-21 09:57:28,427 INFO [restartedMain] e.p.PcShopApplication [StartupInfoLogger.java:57] Started PcShopApplication in 0.81 seconds (process running for 213.697)
2023-06-21 09:57:28,429 INFO [restartedMain] o.s.b.d.a.ConditionEvaluationDeltaLoggingListener [ConditionEvaluationDeltaLoggingListener.java:58] Condition evaluation delta:


==========================
CONDITION EVALUATION DELTA
==========================


Positive matches:
-----------------

    None


Negative matches:
-----------------

   OAuth2ResourceServerJwtConfiguration.OAuth2SecurityFilterChainConfiguration:
      Did not match:
         - AllNestedConditions 1 matched 1 did not; NestedCondition on DefaultWebSecurityCondition.Beans @ConditionalOnMissingBean (types: org.springframework.security.web.SecurityFilterChain; SearchStrategy: all) found beans of type 'org.springframework.security.web.SecurityFilterChain' filterChain; NestedCondition on DefaultWebSecurityCondition.Classes @ConditionalOnClass found required classes 'org.springframework.security.web.SecurityFilterChain', 'org.springframework.security.config.annotation.web.builders.HttpSecurity' (DefaultWebSecurityCondition)

   SpringBootWebSecurityConfiguration.WebSecurityEnablerConfiguration:
      Did not match:
         - @ConditionalOnMissingBean (names: springSecurityFilterChain; SearchStrategy: all) found beans named springSecurityFilterChain (OnBeanCondition)
      Matched:
         - @ConditionalOnClass found required class 'org.springframework.security.config.annotation.web.configuration.EnableWebSecurity' (OnClassCondition)


Exclusions:
-----------

    None


Unconditional classes:
----------------------

    None



2023-06-21 09:57:33,171 INFO [SpringApplicationShutdownHook] o.s.o.j.LocalContainerEntityManagerFactoryBean [AbstractEntityManagerFactoryBean.java:650] Closing JPA EntityManagerFactory for persistence unit 'default'
2023-06-21 09:57:33,172 INFO [SpringApplicationShutdownHook] c.z.h.HikariDataSource [HikariDataSource.java:350] HikariPool-3 - Shutdown initiated...
2023-06-21 09:57:33,172 INFO [SpringApplicationShutdownHook] c.z.h.HikariDataSource [HikariDataSource.java:352] HikariPool-3 - Shutdown completed.
2023-06-21 09:57:38,603 INFO [background-preinit] o.h.v.i.u.Version [Version.java:21] HV000001: Hibernate Validator 8.0.0.Final
2023-06-21 09:57:38,635 INFO [restartedMain] e.p.PcShopApplication [StartupInfoLogger.java:51] Starting PcShopApplication using Java 17.0.7 with PID 54336 (/Users/dantatar/ditar/dev/SynologyDrive/AAN/school 2023/PROJINT/Projets/pc-shop/target/classes started by dantatar in /Users/dantatar/ditar/dev/SynologyDrive/AAN/school 2023/PROJINT/Projets/pc-shop)
2023-06-21 09:57:38,635 INFO [restartedMain] e.p.PcShopApplication [SpringApplication.java:639] The following 1 profile is active: "dev"
2023-06-21 09:57:38,668 INFO [restartedMain] o.s.b.d.e.DevToolsPropertyDefaultsPostProcessor [DeferredLog.java:250] Devtools property defaults active! Set 'spring.devtools.add-properties' to 'false' to disable
2023-06-21 09:57:38,668 INFO [restartedMain] o.s.b.d.e.DevToolsPropertyDefaultsPostProcessor [DeferredLog.java:250] For additional web related logging consider setting the 'logging.level.web' property to 'DEBUG'
2023-06-21 09:57:39,173 INFO [restartedMain] o.s.d.r.c.RepositoryConfigurationDelegate [RepositoryConfigurationDelegate.java:138] Bootstrapping Spring Data JPA repositories in DEFAULT mode.
2023-06-21 09:57:39,216 INFO [restartedMain] o.s.d.r.c.RepositoryConfigurationDelegate [RepositoryConfigurationDelegate.java:208] Finished Spring Data repository scanning in 38 ms. Found 5 JPA repository interfaces.
2023-06-21 09:57:39,643 INFO [restartedMain] o.s.b.w.e.t.TomcatWebServer [TomcatWebServer.java:108] Tomcat initialized with port(s): 8090 (http)
2023-06-21 09:57:39,649 INFO [restartedMain] o.a.c.h.Http11NioProtocol [DirectJDKLog.java:173] Initializing ProtocolHandler ["http-nio-8090"]
2023-06-21 09:57:39,650 INFO [restartedMain] o.a.c.c.StandardService [DirectJDKLog.java:173] Starting service [Tomcat]
2023-06-21 09:57:39,650 INFO [restartedMain] o.a.c.c.StandardEngine [DirectJDKLog.java:173] Starting Servlet engine: [Apache Tomcat/10.1.8]
2023-06-21 09:57:39,685 INFO [restartedMain] o.a.c.c.C.[.[.[/pc-shop] [DirectJDKLog.java:173] Initializing Spring embedded WebApplicationContext
2023-06-21 09:57:39,685 INFO [restartedMain] o.s.b.w.s.c.ServletWebServerApplicationContext [ServletWebServerApplicationContext.java:291] Root WebApplicationContext: initialization completed in 1016 ms
2023-06-21 09:57:39,704 INFO [restartedMain] c.z.h.HikariDataSource [HikariDataSource.java:110] HikariPool-1 - Starting...
2023-06-21 09:57:39,974 INFO [restartedMain] c.z.h.p.HikariPool [HikariPool.java:565] HikariPool-1 - Added connection conn1: url=jdbc:h2:./data/pcshop user=PCSHOP
2023-06-21 09:57:39,976 INFO [restartedMain] c.z.h.HikariDataSource [HikariDataSource.java:123] HikariPool-1 - Start completed.
2023-06-21 09:57:39,987 INFO [restartedMain] o.s.b.a.h.H2ConsoleAutoConfiguration [H2ConsoleAutoConfiguration.java:88] H2 console available at '/h2-console'. Database available at 'jdbc:h2:./data/pcshop'
2023-06-21 09:57:40,091 INFO [restartedMain] o.f.c.i.l.VersionPrinter [Slf4jLog.java:37] Flyway Community Edition 9.16.3 by Redgate
2023-06-21 09:57:40,091 INFO [restartedMain] o.f.c.i.l.VersionPrinter [Slf4jLog.java:37] See release notes here: https://rd.gt/416ObMi
2023-06-21 09:57:40,091 INFO [restartedMain] o.f.c.i.l.VersionPrinter [Slf4jLog.java:37] 
2023-06-21 09:57:40,101 INFO [restartedMain] o.f.c.i.d.b.BaseDatabaseType [Slf4jLog.java:37] Database: jdbc:h2:./data/pcshop (H2 2.1)
2023-06-21 09:57:40,145 INFO [restartedMain] o.f.c.i.c.DbValidate [Slf4jLog.java:37] Successfully validated 8 migrations (execution time 00:00.017s)
2023-06-21 09:57:40,150 INFO [restartedMain] o.f.c.i.c.DbMigrate [Slf4jLog.java:37] Current version of schema "PUBLIC": 1.0.7
2023-06-21 09:57:40,150 INFO [restartedMain] o.f.c.i.c.DbMigrate [Slf4jLog.java:37] Schema "PUBLIC" is up to date. No migration necessary.
2023-06-21 09:57:40,195 INFO [restartedMain] o.h.j.i.u.LogHelper [LogHelper.java:31] HHH000204: Processing PersistenceUnitInfo [name: default]
2023-06-21 09:57:40,237 INFO [restartedMain] o.h.Version [Version.java:44] HHH000412: Hibernate ORM core version 6.2.2.Final
2023-06-21 09:57:40,239 INFO [restartedMain] o.h.c.Environment [Environment.java:191] HHH000406: Using bytecode reflection optimizer
2023-06-21 09:57:40,344 INFO [restartedMain] o.h.b.i.BytecodeProviderInitiator [BytecodeProviderInitiator.java:53] HHH000021: Bytecode provider name : bytebuddy
2023-06-21 09:57:40,437 INFO [restartedMain] o.s.o.j.p.SpringPersistenceUnitInfo [SpringPersistenceUnitInfo.java:87] No LoadTimeWeaver setup: ignoring JPA class transformer
2023-06-21 09:57:40,472 INFO [restartedMain] o.h.o.dialect [DialectFactoryImpl.java:93] HHH035001: Using dialect: org.hibernate.dialect.H2Dialect, version: 2.1.214
2023-06-21 09:57:40,658 INFO [restartedMain] o.h.b.i.BytecodeProviderInitiator [BytecodeProviderInitiator.java:53] HHH000021: Bytecode provider name : bytebuddy
2023-06-21 09:57:41,219 INFO [restartedMain] o.h.e.t.j.p.i.JtaPlatformInitiator [JtaPlatformInitiator.java:51] HHH000490: Using JtaPlatform implementation: [org.hibernate.engine.transaction.jta.platform.internal.NoJtaPlatform]
2023-06-21 09:57:41,238 INFO [restartedMain] o.s.o.j.LocalContainerEntityManagerFactoryBean [AbstractEntityManagerFactoryBean.java:437] Initialized JPA EntityManagerFactory for persistence unit 'default'
2023-06-21 09:57:41,430 WARN [restartedMain] o.s.b.a.o.j.JpaBaseConfiguration$JpaWebConfiguration [JpaBaseConfiguration.java:231] spring.jpa.open-in-view is enabled by default. Therefore, database queries may be performed during view rendering. Explicitly configure spring.jpa.open-in-view to disable this warning
2023-06-21 09:57:41,509 INFO [restartedMain] o.s.b.a.w.s.WelcomePageHandlerMapping [WelcomePageHandlerMapping.java:57] Adding welcome page: class path resource [static/index.html]
2023-06-21 09:57:41,656 INFO [restartedMain] o.s.s.w.DefaultSecurityFilterChain [DefaultSecurityFilterChain.java:54] Will secure any request with [org.springframework.security.web.session.DisableEncodeUrlFilter@5e6fed93, org.springframework.security.web.context.request.async.WebAsyncManagerIntegrationFilter@5566f094, org.springframework.security.web.context.SecurityContextHolderFilter@7d30be7b, org.springframework.security.web.header.HeaderWriterFilter@631bccdf, org.springframework.security.web.authentication.logout.LogoutFilter@2ab957aa, org.springframework.security.web.savedrequest.RequestCacheAwareFilter@2d99c948, org.springframework.security.web.servletapi.SecurityContextHolderAwareRequestFilter@4c104c72, org.springframework.security.web.authentication.AnonymousAuthenticationFilter@698025a2, org.springframework.security.web.access.ExceptionTranslationFilter@811baab, org.springframework.security.web.access.intercept.FilterSecurityInterceptor@541bbd74]
2023-06-21 09:57:41,894 INFO [restartedMain] o.s.b.d.a.OptionalLiveReloadServer [OptionalLiveReloadServer.java:59] LiveReload server is running on port 35729
2023-06-21 09:57:41,909 INFO [restartedMain] o.a.c.h.Http11NioProtocol [DirectJDKLog.java:173] Starting ProtocolHandler ["http-nio-8090"]
2023-06-21 09:57:41,922 INFO [restartedMain] o.s.b.w.e.t.TomcatWebServer [TomcatWebServer.java:220] Tomcat started on port(s): 8090 (http) with context path '/pc-shop'
2023-06-21 09:57:41,932 INFO [restartedMain] e.p.PcShopApplication [StartupInfoLogger.java:57] Started PcShopApplication in 3.598 seconds (process running for 4.252)
2023-06-21 09:59:04,596 INFO [http-nio-8090-exec-1] o.a.c.c.C.[.[.[/pc-shop] [DirectJDKLog.java:173] Initializing Spring DispatcherServlet 'dispatcherServlet'
2023-06-21 09:59:04,597 INFO [http-nio-8090-exec-1] o.s.w.s.DispatcherServlet [FrameworkServlet.java:532] Initializing Servlet 'dispatcherServlet'
2023-06-21 09:59:04,598 INFO [http-nio-8090-exec-1] o.s.w.s.DispatcherServlet [FrameworkServlet.java:554] Completed initialization in 1 ms
